
==========================================================================
floorplan final report_tns
--------------------------------------------------------------------------
tns max 0.00

==========================================================================
floorplan final report_wns
--------------------------------------------------------------------------
wns max 0.00

==========================================================================
floorplan final report_worst_slack
--------------------------------------------------------------------------
worst slack max 77.57

==========================================================================
floorplan final report_clock_min_period
--------------------------------------------------------------------------
HCLK period_min = 1351.43 fmax = 739.96

==========================================================================
floorplan final report_checks -path_delay min
--------------------------------------------------------------------------
Startpoint: dmem_ctrl_inst.genblk1.nodcache_core_inst.misaligned_queue[0]$_DFF_P_
            (rising edge-triggered flip-flop clocked by HCLK)
Endpoint: dmem_ctrl_inst.genblk1.nodcache_core_inst.misaligned_queue[1]$_DFF_P_
          (rising edge-triggered flip-flop clocked by HCLK)
Path Group: HCLK
Path Type: min

Fanout     Cap    Slew   Delay    Time   Description
-----------------------------------------------------------------------------
                  0.00    0.00    0.00   clock HCLK (rise edge)
                          0.00    0.00   clock network delay (ideal)
                  0.00    0.00    0.00 ^ dmem_ctrl_inst.genblk1.nodcache_core_inst.misaligned_queue[0]$_DFF_P_/CLK (DFFHQNx1_ASAP7_75t_R)
     2    0.95   14.12   33.25   33.25 ^ dmem_ctrl_inst.genblk1.nodcache_core_inst.misaligned_queue[0]$_DFF_P_/QN (DFFHQNx1_ASAP7_75t_R)
                                         _011448_ (net)
                 14.12    0.00   33.25 ^ _085251_/A (INVx1_ASAP7_75t_R)
     1    0.55    6.62    5.99   39.24 v _085251_/Y (INVx1_ASAP7_75t_R)
                                         dmem_ctrl_inst.genblk1.nodcache_core_inst.misaligned_queue[0] (net)
                  6.62    0.00   39.24 v dmem_ctrl_inst.genblk1.nodcache_core_inst.misaligned_queue[1]$_DFF_P_/D (DFFHQNx1_ASAP7_75t_R)
                                 39.24   data arrival time

                  0.00    0.00    0.00   clock HCLK (rise edge)
                          0.00    0.00   clock network delay (ideal)
                          0.00    0.00   clock reconvergence pessimism
                                  0.00 ^ dmem_ctrl_inst.genblk1.nodcache_core_inst.misaligned_queue[1]$_DFF_P_/CLK (DFFHQNx1_ASAP7_75t_R)
                          8.59    8.59   library hold time
                                  8.59   data required time
-----------------------------------------------------------------------------
                                  8.59   data required time
                                -39.24   data arrival time
-----------------------------------------------------------------------------
                                 30.64   slack (MET)



==========================================================================
floorplan final report_checks -path_delay max
--------------------------------------------------------------------------
Startpoint: core.ex_units.genblk1.mul.mul_bubble_o$_DFF_PN1_
            (rising edge-triggered flip-flop clocked by HCLK)
Endpoint: core.ex_units.genblk1.mul.mul_r_o[30]$_DFF_P_
          (rising edge-triggered flip-flop clocked by HCLK)
Path Group: HCLK
Path Type: max

Fanout     Cap    Slew   Delay    Time   Description
-----------------------------------------------------------------------------
                  0.00    0.00    0.00   clock HCLK (rise edge)
                          0.00    0.00   clock network delay (ideal)
                  0.00    0.00    0.00 ^ core.ex_units.genblk1.mul.mul_bubble_o$_DFF_PN1_/CLK (DFFASRHQNx1_ASAP7_75t_R)
     2    1.21   17.53   37.64   37.64 v core.ex_units.genblk1.mul.mul_bubble_o$_DFF_PN1_/QN (DFFASRHQNx1_ASAP7_75t_R)
                                         _011755_ (net)
                 17.53    0.00   37.64 v _081175_/A (BUFx2_ASAP7_75t_R)
    10    7.37   21.27   25.33   62.97 v _081175_/Y (BUFx2_ASAP7_75t_R)
                                         _029734_ (net)
                 21.27    0.00   62.97 v _081183_/A (INVx1_ASAP7_75t_R)
     7    4.38   29.81   20.44   83.40 ^ _081183_/Y (INVx1_ASAP7_75t_R)
                                         _029742_ (net)
                 29.81    0.00   83.40 ^ _081184_/A (BUFx2_ASAP7_75t_R)
    10    5.55   19.84   25.06  108.47 ^ _081184_/Y (BUFx2_ASAP7_75t_R)
                                         _029743_ (net)
                 19.84    0.00  108.47 ^ _081705_/B (NAND2x1_ASAP7_75t_R)
     1    1.15   11.49    8.94  117.41 v _081705_/Y (NAND2x1_ASAP7_75t_R)
                                         _030169_ (net)
                 11.49    0.00  117.41 v _081707_/A3 (AO31x2_ASAP7_75t_R)
     2    1.86    8.23   17.15  134.56 v _081707_/Y (AO31x2_ASAP7_75t_R)
                                         _030171_ (net)
                  8.23    0.00  134.56 v _082420_/B (AND2x2_ASAP7_75t_R)
     4    3.90   13.21   18.59  153.15 v _082420_/Y (AND2x2_ASAP7_75t_R)
                                         _030535_ (net)
                 13.21    0.00  153.15 v _082424_/A2 (AOI21x1_ASAP7_75t_R)
    11    9.90   61.63   32.99  186.14 ^ _082424_/Y (AOI21x1_ASAP7_75t_R)
                                         _012911_ (net)
                 61.63    0.00  186.14 ^ _082425_/A (INVx1_ASAP7_75t_R)
    11   11.58   66.08   47.61  233.75 v _082425_/Y (INVx1_ASAP7_75t_R)
                                         core.ex_units.alu.opA32[1] (net)
                 66.08    0.00  233.75 v _082804_/C (OR5x1_ASAP7_75t_R)
     3    1.88   18.45   43.86  277.61 v _082804_/Y (OR5x1_ASAP7_75t_R)
                                         _030657_ (net)
                 18.45    0.00  277.61 v _082805_/C (OR3x1_ASAP7_75t_R)
     3    1.78   14.04   25.63  303.23 v _082805_/Y (OR3x1_ASAP7_75t_R)
                                         _030658_ (net)
                 14.04    0.00  303.23 v _082806_/C (OR3x1_ASAP7_75t_R)
     4    3.06   20.58   28.61  331.85 v _082806_/Y (OR3x1_ASAP7_75t_R)
                                         _030659_ (net)
                 20.58    0.00  331.85 v _082807_/C (OR3x1_ASAP7_75t_R)
     4    3.06   20.46   29.70  361.55 v _082807_/Y (OR3x1_ASAP7_75t_R)
                                         _030660_ (net)
                 20.46    0.00  361.55 v _082808_/C (OR3x1_ASAP7_75t_R)
     5    3.45   21.88   30.68  392.23 v _082808_/Y (OR3x1_ASAP7_75t_R)
                                         _030661_ (net)
                 21.88    0.00  392.23 v _082828_/B (OR2x2_ASAP7_75t_R)
     3    1.94   10.04   22.03  414.26 v _082828_/Y (OR2x2_ASAP7_75t_R)
                                         _030676_ (net)
                 10.04    0.00  414.26 v _082829_/A2 (OA21x2_ASAP7_75t_R)
     4    3.05   12.10   20.98  435.24 v _082829_/Y (OA21x2_ASAP7_75t_R)
                                         _030677_ (net)
                 12.10    0.00  435.24 v _082830_/B (AO21x1_ASAP7_75t_R)
     3    2.42   15.27   21.30  456.54 v _082830_/Y (AO21x1_ASAP7_75t_R)
                                         _030678_ (net)
                 15.27    0.00  456.54 v _082831_/B (AND2x2_ASAP7_75t_R)
     1    0.92    6.22   16.45  472.99 v _082831_/Y (AND2x2_ASAP7_75t_R)
                                         _030679_ (net)
                  6.22    0.00  472.99 v _082832_/B (XNOR2x2_ASAP7_75t_R)
     5    2.87   13.40   22.90  495.89 ^ _082832_/Y (XNOR2x2_ASAP7_75t_R)
                                         _030680_ (net)
                 13.40    0.00  495.89 ^ _082969_/A (BUFx2_ASAP7_75t_R)
    10    5.66   19.73   21.56  517.45 ^ _082969_/Y (BUFx2_ASAP7_75t_R)
                                         _030766_ (net)
                 19.73    0.00  517.45 ^ _083113_/A (AND2x2_ASAP7_75t_R)
     1    2.24   11.01   18.74  536.19 ^ _083113_/Y (AND2x2_ASAP7_75t_R)
                                         _012080_ (net)
                 11.01    0.00  536.19 ^ _147413_/B (FAx1_ASAP7_75t_R)
     1    0.68   19.35   27.22  563.40 v _147413_/SN (FAx1_ASAP7_75t_R)
                                         _012083_ (net)
                 19.35    0.00  563.40 v _084192_/A (INVx1_ASAP7_75t_R)
     1    1.65   14.84   12.02  575.43 ^ _084192_/Y (INVx1_ASAP7_75t_R)
                                         _012085_ (net)
                 14.84    0.00  575.43 ^ _148065_/CI (FAx1_ASAP7_75t_R)
     1    0.68   19.37   28.57  604.00 v _148065_/SN (FAx1_ASAP7_75t_R)
                                         _015698_ (net)
                 19.37    0.00  604.00 v _085089_/A (INVx1_ASAP7_75t_R)
     1    1.65   14.85   12.03  616.03 ^ _085089_/Y (INVx1_ASAP7_75t_R)
                                         _015350_ (net)
                 14.85    0.00  616.03 ^ _147988_/CI (FAx1_ASAP7_75t_R)
     1    0.68   19.37   28.57  644.60 v _147988_/SN (FAx1_ASAP7_75t_R)
                                         _015352_ (net)
                 19.37    0.00  644.60 v _083893_/A (INVx1_ASAP7_75t_R)
     1    1.65   14.85   12.03  656.63 ^ _083893_/Y (INVx1_ASAP7_75t_R)
                                         _015353_ (net)
                 14.85    0.00  656.63 ^ _148169_/CI (FAx1_ASAP7_75t_R)
     1    0.68   20.27   28.57  685.21 v _148169_/SN (FAx1_ASAP7_75t_R)
                                         _016116_ (net)
                 20.27    0.00  685.21 v _084278_/A (INVx1_ASAP7_75t_R)
     1    1.65   15.08   12.27  697.47 ^ _084278_/Y (INVx1_ASAP7_75t_R)
                                         _014755_ (net)
                 15.08    0.00  697.47 ^ _147860_/CI (FAx1_ASAP7_75t_R)
     1    0.68   20.27   28.64  726.11 v _147860_/SN (FAx1_ASAP7_75t_R)
                                         _014757_ (net)
                 20.27    0.00  726.11 v _084995_/A (INVx1_ASAP7_75t_R)
     1    1.65   15.08   12.27  738.38 ^ _084995_/Y (INVx1_ASAP7_75t_R)
                                         _014758_ (net)
                 15.08    0.00  738.38 ^ _147939_/CI (FAx1_ASAP7_75t_R)
     1    0.68   20.27   28.64  767.02 v _147939_/SN (FAx1_ASAP7_75t_R)
                                         _015124_ (net)
                 20.27    0.00  767.02 v _095340_/A (INVx1_ASAP7_75t_R)
     1    2.24   18.08   14.12  781.14 ^ _095340_/Y (INVx1_ASAP7_75t_R)
                                         _015125_ (net)
                 18.08    0.00  781.14 ^ _148026_/B (FAx1_ASAP7_75t_R)
     1    0.68   20.27   29.27  810.41 v _148026_/SN (FAx1_ASAP7_75t_R)
                                         _015516_ (net)
                 20.27    0.00  810.41 v _082416_/A (INVx1_ASAP7_75t_R)
     1    2.24   18.08   14.12  824.53 ^ _082416_/Y (INVx1_ASAP7_75t_R)
                                         _013174_ (net)
                 18.08    0.00  824.53 ^ _147585_/B (FAx1_ASAP7_75t_R)
     1    0.68   20.27   29.27  853.80 v _147585_/SN (FAx1_ASAP7_75t_R)
                                         _013177_ (net)
                 20.27    0.00  853.80 v _082604_/A (INVx1_ASAP7_75t_R)
     1    0.93   11.34    9.56  863.37 ^ _082604_/Y (INVx1_ASAP7_75t_R)
                                         _013179_ (net)
                 11.34    0.00  863.37 ^ _148602_/B (HAxp5_ASAP7_75t_R)
     6    4.20   48.57   58.50  921.87 v _148602_/SN (HAxp5_ASAP7_75t_R)
                                         _017449_ (net)
                 48.57    0.00  921.87 v _086129_/B (AO21x1_ASAP7_75t_R)
     1    0.58    7.49   21.99  943.86 v _086129_/Y (AO21x1_ASAP7_75t_R)
                                         _031649_ (net)
                  7.49    0.00  943.86 v _086130_/B (AND2x2_ASAP7_75t_R)
     2    1.75    8.68   15.23  959.08 v _086130_/Y (AND2x2_ASAP7_75t_R)
                                         _031650_ (net)
                  8.68    0.00  959.08 v _086131_/C (OR3x1_ASAP7_75t_R)
     2    1.21   12.07   22.13  981.22 v _086131_/Y (OR3x1_ASAP7_75t_R)
                                         _031651_ (net)
                 12.07    0.00  981.22 v _086135_/B (AO21x1_ASAP7_75t_R)
     1    0.43    5.88   15.65  996.87 v _086135_/Y (AO21x1_ASAP7_75t_R)
                                         _031655_ (net)
                  5.88    0.00  996.87 v _086136_/B (OA211x2_ASAP7_75t_R)
     1    0.63    9.21   24.23 1021.10 v _086136_/Y (OA211x2_ASAP7_75t_R)
                                         _031656_ (net)
                  9.21    0.00 1021.10 v _086137_/B (OA21x2_ASAP7_75t_R)
     6    4.51   15.58   18.14 1039.24 v _086137_/Y (OA21x2_ASAP7_75t_R)
                                         _031657_ (net)
                 15.58    0.00 1039.24 v _086338_/B (XNOR2x2_ASAP7_75t_R)
     2    1.48    9.93   23.28 1062.51 ^ _086338_/Y (XNOR2x2_ASAP7_75t_R)
                                         _031858_ (net)
                  9.93    0.00 1062.51 ^ _086339_/E (AND5x1_ASAP7_75t_R)
     3    1.78   18.37   32.89 1095.41 ^ _086339_/Y (AND5x1_ASAP7_75t_R)
                                         _031859_ (net)
                 18.37    0.00 1095.41 ^ _086348_/D (AND5x1_ASAP7_75t_R)
     6    3.59   28.67   38.80 1134.20 ^ _086348_/Y (AND5x1_ASAP7_75t_R)
                                         _031868_ (net)
                 28.67    0.00 1134.20 ^ _086352_/C (AND4x1_ASAP7_75t_R)
     4    2.93   23.58   32.32 1166.52 ^ _086352_/Y (AND4x1_ASAP7_75t_R)
                                         _031872_ (net)
                 23.58    0.00 1166.52 ^ _086353_/C (AND3x1_ASAP7_75t_R)
     2    1.89   16.30   23.35 1189.87 ^ _086353_/Y (AND3x1_ASAP7_75t_R)
                                         _031873_ (net)
                 16.30    0.00 1189.87 ^ _086354_/E (AND5x1_ASAP7_75t_R)
     4    3.12   26.11   37.25 1227.12 ^ _086354_/Y (AND5x1_ASAP7_75t_R)
                                         _031874_ (net)
                 26.11    0.00 1227.12 ^ _086397_/A (AND4x1_ASAP7_75t_R)
     3    2.40   20.45   30.06 1257.18 ^ _086397_/Y (AND4x1_ASAP7_75t_R)
                                         _031917_ (net)
                 20.45    0.00 1257.18 ^ _086398_/B (NAND2x1_ASAP7_75t_R)
     4    2.51   17.02   12.91 1270.08 v _086398_/Y (NAND2x1_ASAP7_75t_R)
                                         _031918_ (net)
                 17.02    0.00 1270.08 v _086399_/C (OR3x1_ASAP7_75t_R)
     1    1.08   10.40   23.11 1293.19 v _086399_/Y (OR3x1_ASAP7_75t_R)
                                         _031919_ (net)
                 10.40    0.00 1293.19 v _086400_/B (NAND2x1_ASAP7_75t_R)
     1    1.01   14.85    8.77 1301.96 ^ _086400_/Y (NAND2x1_ASAP7_75t_R)
                                         _031920_ (net)
                 14.85    0.00 1301.96 ^ _086401_/B (XNOR2x2_ASAP7_75t_R)
     1    0.63    6.64   21.76 1323.72 ^ _086401_/Y (XNOR2x2_ASAP7_75t_R)
                                         _031921_ (net)
                  6.64    0.00 1323.72 ^ _086420_/A2 (AO21x1_ASAP7_75t_R)
     1    0.62    7.62   12.53 1336.25 ^ _086420_/Y (AO21x1_ASAP7_75t_R)
                                         _029638_ (net)
                  7.62    0.00 1336.25 ^ core.ex_units.genblk1.mul.mul_r_o[30]$_DFF_P_/D (DFFHQNx1_ASAP7_75t_R)
                               1336.25   data arrival time

                  0.00 1429.00 1429.00   clock HCLK (rise edge)
                          0.00 1429.00   clock network delay (ideal)
                          0.00 1429.00   clock reconvergence pessimism
                               1429.00 ^ core.ex_units.genblk1.mul.mul_r_o[30]$_DFF_P_/CLK (DFFHQNx1_ASAP7_75t_R)
                        -15.17 1413.83   library setup time
                               1413.83   data required time
-----------------------------------------------------------------------------
                               1413.83   data required time
                               -1336.25   data arrival time
-----------------------------------------------------------------------------
                                 77.57   slack (MET)



==========================================================================
floorplan final report_checks -unconstrained
--------------------------------------------------------------------------
Startpoint: core.ex_units.genblk1.mul.mul_bubble_o$_DFF_PN1_
            (rising edge-triggered flip-flop clocked by HCLK)
Endpoint: core.ex_units.genblk1.mul.mul_r_o[30]$_DFF_P_
          (rising edge-triggered flip-flop clocked by HCLK)
Path Group: HCLK
Path Type: max

Fanout     Cap    Slew   Delay    Time   Description
-----------------------------------------------------------------------------
                  0.00    0.00    0.00   clock HCLK (rise edge)
                          0.00    0.00   clock network delay (ideal)
                  0.00    0.00    0.00 ^ core.ex_units.genblk1.mul.mul_bubble_o$_DFF_PN1_/CLK (DFFASRHQNx1_ASAP7_75t_R)
     2    1.21   17.53   37.64   37.64 v core.ex_units.genblk1.mul.mul_bubble_o$_DFF_PN1_/QN (DFFASRHQNx1_ASAP7_75t_R)
                                         _011755_ (net)
                 17.53    0.00   37.64 v _081175_/A (BUFx2_ASAP7_75t_R)
    10    7.37   21.27   25.33   62.97 v _081175_/Y (BUFx2_ASAP7_75t_R)
                                         _029734_ (net)
                 21.27    0.00   62.97 v _081183_/A (INVx1_ASAP7_75t_R)
     7    4.38   29.81   20.44   83.40 ^ _081183_/Y (INVx1_ASAP7_75t_R)
                                         _029742_ (net)
                 29.81    0.00   83.40 ^ _081184_/A (BUFx2_ASAP7_75t_R)
    10    5.55   19.84   25.06  108.47 ^ _081184_/Y (BUFx2_ASAP7_75t_R)
                                         _029743_ (net)
                 19.84    0.00  108.47 ^ _081705_/B (NAND2x1_ASAP7_75t_R)
     1    1.15   11.49    8.94  117.41 v _081705_/Y (NAND2x1_ASAP7_75t_R)
                                         _030169_ (net)
                 11.49    0.00  117.41 v _081707_/A3 (AO31x2_ASAP7_75t_R)
     2    1.86    8.23   17.15  134.56 v _081707_/Y (AO31x2_ASAP7_75t_R)
                                         _030171_ (net)
                  8.23    0.00  134.56 v _082420_/B (AND2x2_ASAP7_75t_R)
     4    3.90   13.21   18.59  153.15 v _082420_/Y (AND2x2_ASAP7_75t_R)
                                         _030535_ (net)
                 13.21    0.00  153.15 v _082424_/A2 (AOI21x1_ASAP7_75t_R)
    11    9.90   61.63   32.99  186.14 ^ _082424_/Y (AOI21x1_ASAP7_75t_R)
                                         _012911_ (net)
                 61.63    0.00  186.14 ^ _082425_/A (INVx1_ASAP7_75t_R)
    11   11.58   66.08   47.61  233.75 v _082425_/Y (INVx1_ASAP7_75t_R)
                                         core.ex_units.alu.opA32[1] (net)
                 66.08    0.00  233.75 v _082804_/C (OR5x1_ASAP7_75t_R)
     3    1.88   18.45   43.86  277.61 v _082804_/Y (OR5x1_ASAP7_75t_R)
                                         _030657_ (net)
                 18.45    0.00  277.61 v _082805_/C (OR3x1_ASAP7_75t_R)
     3    1.78   14.04   25.63  303.23 v _082805_/Y (OR3x1_ASAP7_75t_R)
                                         _030658_ (net)
                 14.04    0.00  303.23 v _082806_/C (OR3x1_ASAP7_75t_R)
     4    3.06   20.58   28.61  331.85 v _082806_/Y (OR3x1_ASAP7_75t_R)
                                         _030659_ (net)
                 20.58    0.00  331.85 v _082807_/C (OR3x1_ASAP7_75t_R)
     4    3.06   20.46   29.70  361.55 v _082807_/Y (OR3x1_ASAP7_75t_R)
                                         _030660_ (net)
                 20.46    0.00  361.55 v _082808_/C (OR3x1_ASAP7_75t_R)
     5    3.45   21.88   30.68  392.23 v _082808_/Y (OR3x1_ASAP7_75t_R)
                                         _030661_ (net)
                 21.88    0.00  392.23 v _082828_/B (OR2x2_ASAP7_75t_R)
     3    1.94   10.04   22.03  414.26 v _082828_/Y (OR2x2_ASAP7_75t_R)
                                         _030676_ (net)
                 10.04    0.00  414.26 v _082829_/A2 (OA21x2_ASAP7_75t_R)
     4    3.05   12.10   20.98  435.24 v _082829_/Y (OA21x2_ASAP7_75t_R)
                                         _030677_ (net)
                 12.10    0.00  435.24 v _082830_/B (AO21x1_ASAP7_75t_R)
     3    2.42   15.27   21.30  456.54 v _082830_/Y (AO21x1_ASAP7_75t_R)
                                         _030678_ (net)
                 15.27    0.00  456.54 v _082831_/B (AND2x2_ASAP7_75t_R)
     1    0.92    6.22   16.45  472.99 v _082831_/Y (AND2x2_ASAP7_75t_R)
                                         _030679_ (net)
                  6.22    0.00  472.99 v _082832_/B (XNOR2x2_ASAP7_75t_R)
     5    2.87   13.40   22.90  495.89 ^ _082832_/Y (XNOR2x2_ASAP7_75t_R)
                                         _030680_ (net)
                 13.40    0.00  495.89 ^ _082969_/A (BUFx2_ASAP7_75t_R)
    10    5.66   19.73   21.56  517.45 ^ _082969_/Y (BUFx2_ASAP7_75t_R)
                                         _030766_ (net)
                 19.73    0.00  517.45 ^ _083113_/A (AND2x2_ASAP7_75t_R)
     1    2.24   11.01   18.74  536.19 ^ _083113_/Y (AND2x2_ASAP7_75t_R)
                                         _012080_ (net)
                 11.01    0.00  536.19 ^ _147413_/B (FAx1_ASAP7_75t_R)
     1    0.68   19.35   27.22  563.40 v _147413_/SN (FAx1_ASAP7_75t_R)
                                         _012083_ (net)
                 19.35    0.00  563.40 v _084192_/A (INVx1_ASAP7_75t_R)
     1    1.65   14.84   12.02  575.43 ^ _084192_/Y (INVx1_ASAP7_75t_R)
                                         _012085_ (net)
                 14.84    0.00  575.43 ^ _148065_/CI (FAx1_ASAP7_75t_R)
     1    0.68   19.37   28.57  604.00 v _148065_/SN (FAx1_ASAP7_75t_R)
                                         _015698_ (net)
                 19.37    0.00  604.00 v _085089_/A (INVx1_ASAP7_75t_R)
     1    1.65   14.85   12.03  616.03 ^ _085089_/Y (INVx1_ASAP7_75t_R)
                                         _015350_ (net)
                 14.85    0.00  616.03 ^ _147988_/CI (FAx1_ASAP7_75t_R)
     1    0.68   19.37   28.57  644.60 v _147988_/SN (FAx1_ASAP7_75t_R)
                                         _015352_ (net)
                 19.37    0.00  644.60 v _083893_/A (INVx1_ASAP7_75t_R)
     1    1.65   14.85   12.03  656.63 ^ _083893_/Y (INVx1_ASAP7_75t_R)
                                         _015353_ (net)
                 14.85    0.00  656.63 ^ _148169_/CI (FAx1_ASAP7_75t_R)
     1    0.68   20.27   28.57  685.21 v _148169_/SN (FAx1_ASAP7_75t_R)
                                         _016116_ (net)
                 20.27    0.00  685.21 v _084278_/A (INVx1_ASAP7_75t_R)
     1    1.65   15.08   12.27  697.47 ^ _084278_/Y (INVx1_ASAP7_75t_R)
                                         _014755_ (net)
                 15.08    0.00  697.47 ^ _147860_/CI (FAx1_ASAP7_75t_R)
     1    0.68   20.27   28.64  726.11 v _147860_/SN (FAx1_ASAP7_75t_R)
                                         _014757_ (net)
                 20.27    0.00  726.11 v _084995_/A (INVx1_ASAP7_75t_R)
     1    1.65   15.08   12.27  738.38 ^ _084995_/Y (INVx1_ASAP7_75t_R)
                                         _014758_ (net)
                 15.08    0.00  738.38 ^ _147939_/CI (FAx1_ASAP7_75t_R)
     1    0.68   20.27   28.64  767.02 v _147939_/SN (FAx1_ASAP7_75t_R)
                                         _015124_ (net)
                 20.27    0.00  767.02 v _095340_/A (INVx1_ASAP7_75t_R)
     1    2.24   18.08   14.12  781.14 ^ _095340_/Y (INVx1_ASAP7_75t_R)
                                         _015125_ (net)
                 18.08    0.00  781.14 ^ _148026_/B (FAx1_ASAP7_75t_R)
     1    0.68   20.27   29.27  810.41 v _148026_/SN (FAx1_ASAP7_75t_R)
                                         _015516_ (net)
                 20.27    0.00  810.41 v _082416_/A (INVx1_ASAP7_75t_R)
     1    2.24   18.08   14.12  824.53 ^ _082416_/Y (INVx1_ASAP7_75t_R)
                                         _013174_ (net)
                 18.08    0.00  824.53 ^ _147585_/B (FAx1_ASAP7_75t_R)
     1    0.68   20.27   29.27  853.80 v _147585_/SN (FAx1_ASAP7_75t_R)
                                         _013177_ (net)
                 20.27    0.00  853.80 v _082604_/A (INVx1_ASAP7_75t_R)
     1    0.93   11.34    9.56  863.37 ^ _082604_/Y (INVx1_ASAP7_75t_R)
                                         _013179_ (net)
                 11.34    0.00  863.37 ^ _148602_/B (HAxp5_ASAP7_75t_R)
     6    4.20   48.57   58.50  921.87 v _148602_/SN (HAxp5_ASAP7_75t_R)
                                         _017449_ (net)
                 48.57    0.00  921.87 v _086129_/B (AO21x1_ASAP7_75t_R)
     1    0.58    7.49   21.99  943.86 v _086129_/Y (AO21x1_ASAP7_75t_R)
                                         _031649_ (net)
                  7.49    0.00  943.86 v _086130_/B (AND2x2_ASAP7_75t_R)
     2    1.75    8.68   15.23  959.08 v _086130_/Y (AND2x2_ASAP7_75t_R)
                                         _031650_ (net)
                  8.68    0.00  959.08 v _086131_/C (OR3x1_ASAP7_75t_R)
     2    1.21   12.07   22.13  981.22 v _086131_/Y (OR3x1_ASAP7_75t_R)
                                         _031651_ (net)
                 12.07    0.00  981.22 v _086135_/B (AO21x1_ASAP7_75t_R)
     1    0.43    5.88   15.65  996.87 v _086135_/Y (AO21x1_ASAP7_75t_R)
                                         _031655_ (net)
                  5.88    0.00  996.87 v _086136_/B (OA211x2_ASAP7_75t_R)
     1    0.63    9.21   24.23 1021.10 v _086136_/Y (OA211x2_ASAP7_75t_R)
                                         _031656_ (net)
                  9.21    0.00 1021.10 v _086137_/B (OA21x2_ASAP7_75t_R)
     6    4.51   15.58   18.14 1039.24 v _086137_/Y (OA21x2_ASAP7_75t_R)
                                         _031657_ (net)
                 15.58    0.00 1039.24 v _086338_/B (XNOR2x2_ASAP7_75t_R)
     2    1.48    9.93   23.28 1062.51 ^ _086338_/Y (XNOR2x2_ASAP7_75t_R)
                                         _031858_ (net)
                  9.93    0.00 1062.51 ^ _086339_/E (AND5x1_ASAP7_75t_R)
     3    1.78   18.37   32.89 1095.41 ^ _086339_/Y (AND5x1_ASAP7_75t_R)
                                         _031859_ (net)
                 18.37    0.00 1095.41 ^ _086348_/D (AND5x1_ASAP7_75t_R)
     6    3.59   28.67   38.80 1134.20 ^ _086348_/Y (AND5x1_ASAP7_75t_R)
                                         _031868_ (net)
                 28.67    0.00 1134.20 ^ _086352_/C (AND4x1_ASAP7_75t_R)
     4    2.93   23.58   32.32 1166.52 ^ _086352_/Y (AND4x1_ASAP7_75t_R)
                                         _031872_ (net)
                 23.58    0.00 1166.52 ^ _086353_/C (AND3x1_ASAP7_75t_R)
     2    1.89   16.30   23.35 1189.87 ^ _086353_/Y (AND3x1_ASAP7_75t_R)
                                         _031873_ (net)
                 16.30    0.00 1189.87 ^ _086354_/E (AND5x1_ASAP7_75t_R)
     4    3.12   26.11   37.25 1227.12 ^ _086354_/Y (AND5x1_ASAP7_75t_R)
                                         _031874_ (net)
                 26.11    0.00 1227.12 ^ _086397_/A (AND4x1_ASAP7_75t_R)
     3    2.40   20.45   30.06 1257.18 ^ _086397_/Y (AND4x1_ASAP7_75t_R)
                                         _031917_ (net)
                 20.45    0.00 1257.18 ^ _086398_/B (NAND2x1_ASAP7_75t_R)
     4    2.51   17.02   12.91 1270.08 v _086398_/Y (NAND2x1_ASAP7_75t_R)
                                         _031918_ (net)
                 17.02    0.00 1270.08 v _086399_/C (OR3x1_ASAP7_75t_R)
     1    1.08   10.40   23.11 1293.19 v _086399_/Y (OR3x1_ASAP7_75t_R)
                                         _031919_ (net)
                 10.40    0.00 1293.19 v _086400_/B (NAND2x1_ASAP7_75t_R)
     1    1.01   14.85    8.77 1301.96 ^ _086400_/Y (NAND2x1_ASAP7_75t_R)
                                         _031920_ (net)
                 14.85    0.00 1301.96 ^ _086401_/B (XNOR2x2_ASAP7_75t_R)
     1    0.63    6.64   21.76 1323.72 ^ _086401_/Y (XNOR2x2_ASAP7_75t_R)
                                         _031921_ (net)
                  6.64    0.00 1323.72 ^ _086420_/A2 (AO21x1_ASAP7_75t_R)
     1    0.62    7.62   12.53 1336.25 ^ _086420_/Y (AO21x1_ASAP7_75t_R)
                                         _029638_ (net)
                  7.62    0.00 1336.25 ^ core.ex_units.genblk1.mul.mul_r_o[30]$_DFF_P_/D (DFFHQNx1_ASAP7_75t_R)
                               1336.25   data arrival time

                  0.00 1429.00 1429.00   clock HCLK (rise edge)
                          0.00 1429.00   clock network delay (ideal)
                          0.00 1429.00   clock reconvergence pessimism
                               1429.00 ^ core.ex_units.genblk1.mul.mul_r_o[30]$_DFF_P_/CLK (DFFHQNx1_ASAP7_75t_R)
                        -15.17 1413.83   library setup time
                               1413.83   data required time
-----------------------------------------------------------------------------
                               1413.83   data required time
                               -1336.25   data arrival time
-----------------------------------------------------------------------------
                                 77.57   slack (MET)



==========================================================================
floorplan final report_power
--------------------------------------------------------------------------
Group                  Internal  Switching    Leakage      Total
                          Power      Power      Power      Power (Watts)
----------------------------------------------------------------
Sequential             1.25e-02   1.14e-04   1.47e-06   1.26e-02  77.1%
Combinational          2.03e-03   1.72e-03   6.02e-06   3.76e-03  22.9%
Clock                  0.00e+00   0.00e+00   0.00e+00   0.00e+00   0.0%
Macro                  0.00e+00   0.00e+00   0.00e+00   0.00e+00   0.0%
Pad                    0.00e+00   0.00e+00   0.00e+00   0.00e+00   0.0%
----------------------------------------------------------------
Total                  1.45e-02   1.84e-03   7.50e-06   1.64e-02 100.0%
                          88.8%      11.2%       0.0%
